{"C:\\Users\\Admin\\Documents\\CURSOS\\CURSO DE SERVERLESS\\app_appointment\\src\\application\\use-cases\\create-appointment.usecase.ts": {"path":"C:\\Users\\Admin\\Documents\\CURSOS\\CURSO DE SERVERLESS\\app_appointment\\src\\application\\use-cases\\create-appointment.usecase.ts","statementMap":{"0":{"start":{"line":1,"column":0},"end":{"line":1,"column":71}},"1":{"start":{"line":7,"column":21},"end":{"line":7,"column":54}},"2":{"start":{"line":8,"column":21},"end":{"line":8,"column":44}},"3":{"start":{"line":12,"column":24},"end":{"line":12,"column":61}},"4":{"start":{"line":13,"column":4},"end":{"line":13,"column":44}},"5":{"start":{"line":14,"column":4},"end":{"line":14,"column":70}},"6":{"start":{"line":15,"column":4},"end":{"line":15,"column":23}},"7":{"start":{"line":5,"column":0},"end":{"line":5,"column":13}}},"fnMap":{"0":{"name":"(anonymous_0)","decl":{"start":{"line":6,"column":2},"end":{"line":6,"column":null}},"loc":{"start":{"line":8,"column":44},"end":{"line":9,"column":6}}},"1":{"name":"(anonymous_1)","decl":{"start":{"line":11,"column":2},"end":{"line":11,"column":7}},"loc":{"start":{"line":11,"column":36},"end":{"line":16,"column":3}}}},"branchMap":{},"s":{"0":1,"1":1,"2":1,"3":1,"4":1,"5":1,"6":1,"7":1},"f":{"0":1,"1":1},"b":{}}
,"C:\\Users\\Admin\\Documents\\CURSOS\\CURSO DE SERVERLESS\\app_appointment\\src\\application\\use-cases\\get-appointment.usecase.ts": {"path":"C:\\Users\\Admin\\Documents\\CURSOS\\CURSO DE SERVERLESS\\app_appointment\\src\\application\\use-cases\\get-appointment.usecase.ts","statementMap":{"0":{"start":{"line":2,"column":0},"end":{"line":2,"column":68}},"1":{"start":{"line":5,"column":31},"end":{"line":5,"column":64}},"2":{"start":{"line":8,"column":24},"end":{"line":8,"column":65}},"3":{"start":{"line":9,"column":4},"end":{"line":9,"column":68}},"4":{"start":{"line":9,"column":22},"end":{"line":9,"column":68}},"5":{"start":{"line":10,"column":4},"end":{"line":10,"column":23}},"6":{"start":{"line":4,"column":0},"end":{"line":4,"column":13}}},"fnMap":{"0":{"name":"(anonymous_0)","decl":{"start":{"line":5,"column":2},"end":{"line":5,"column":31}},"loc":{"start":{"line":5,"column":64},"end":{"line":5,"column":68}}},"1":{"name":"(anonymous_1)","decl":{"start":{"line":7,"column":2},"end":{"line":7,"column":7}},"loc":{"start":{"line":7,"column":33},"end":{"line":11,"column":3}}}},"branchMap":{"0":{"loc":{"start":{"line":9,"column":4},"end":{"line":9,"column":68}},"type":"if","locations":[{"start":{"line":9,"column":4},"end":{"line":9,"column":68}},{"start":{},"end":{}}]}},"s":{"0":1,"1":1,"2":2,"3":2,"4":1,"5":1,"6":1},"f":{"0":1,"1":2},"b":{"0":[1,1]}}
,"C:\\Users\\Admin\\Documents\\CURSOS\\CURSO DE SERVERLESS\\app_appointment\\src\\application\\use-cases\\update-status.usecase.ts": {"path":"C:\\Users\\Admin\\Documents\\CURSOS\\CURSO DE SERVERLESS\\app_appointment\\src\\application\\use-cases\\update-status.usecase.ts","statementMap":{"0":{"start":{"line":4,"column":31},"end":{"line":4,"column":64}},"1":{"start":{"line":7,"column":4},"end":{"line":7,"column":58}},"2":{"start":{"line":3,"column":0},"end":{"line":3,"column":13}}},"fnMap":{"0":{"name":"(anonymous_0)","decl":{"start":{"line":4,"column":2},"end":{"line":4,"column":31}},"loc":{"start":{"line":4,"column":64},"end":{"line":4,"column":68}}},"1":{"name":"(anonymous_1)","decl":{"start":{"line":6,"column":2},"end":{"line":6,"column":7}},"loc":{"start":{"line":6,"column":49},"end":{"line":8,"column":3}}}},"branchMap":{},"s":{"0":1,"1":2,"2":1},"f":{"0":1,"1":2},"b":{}}
,"C:\\Users\\Admin\\Documents\\CURSOS\\CURSO DE SERVERLESS\\app_appointment\\src\\domain\\entities\\appointment.entity.ts": {"path":"C:\\Users\\Admin\\Documents\\CURSOS\\CURSO DE SERVERLESS\\app_appointment\\src\\domain\\entities\\appointment.entity.ts","statementMap":{"0":{"start":{"line":3,"column":11},"end":{"line":3,"column":28}},"1":{"start":{"line":4,"column":11},"end":{"line":4,"column":29}},"2":{"start":{"line":5,"column":11},"end":{"line":5,"column":25}},"3":{"start":{"line":6,"column":11},"end":{"line":6,"column":30}},"4":{"start":{"line":7,"column":11},"end":{"line":7,"column":28}},"5":{"start":{"line":8,"column":11},"end":{"line":8,"column":31}},"6":{"start":{"line":9,"column":11},"end":{"line":9,"column":27}},"7":{"start":{"line":10,"column":11},"end":{"line":10,"column":24}},"8":{"start":{"line":14,"column":4},"end":{"line":23,"column":6}},"9":{"start":{"line":1,"column":0},"end":{"line":1,"column":13}}},"fnMap":{"0":{"name":"(anonymous_0)","decl":{"start":{"line":2,"column":2},"end":{"line":2,"column":null}},"loc":{"start":{"line":10,"column":24},"end":{"line":11,"column":6}}},"1":{"name":"(anonymous_1)","decl":{"start":{"line":13,"column":2},"end":{"line":13,"column":8}},"loc":{"start":{"line":13,"column":27},"end":{"line":24,"column":3}}}},"branchMap":{},"s":{"0":6,"1":6,"2":6,"3":6,"4":6,"5":6,"6":6,"7":6,"8":3,"9":4},"f":{"0":6,"1":3},"b":{}}
,"C:\\Users\\Admin\\Documents\\CURSOS\\CURSO DE SERVERLESS\\app_appointment\\src\\infrastructure\\event\\eventbridge.publisher.ts": {"path":"C:\\Users\\Admin\\Documents\\CURSOS\\CURSO DE SERVERLESS\\app_appointment\\src\\infrastructure\\event\\eventbridge.publisher.ts","statementMap":{"0":{"start":{"line":1,"column":0},"end":{"line":1,"column":82}},"1":{"start":{"line":3,"column":11},"end":{"line":3,"column":83}},"2":{"start":{"line":7,"column":4},"end":{"line":15,"column":8}},"3":{"start":{"line":5,"column":0},"end":{"line":5,"column":13}}},"fnMap":{"0":{"name":"(anonymous_0)","decl":{"start":{"line":6,"column":2},"end":{"line":6,"column":7}},"loc":{"start":{"line":6,"column":27},"end":{"line":16,"column":3}}}},"branchMap":{"0":{"loc":{"start":{"line":3,"column":43},"end":{"line":3,"column":80}},"type":"binary-expr","locations":[{"start":{"line":3,"column":43},"end":{"line":3,"column":65}},{"start":{"line":3,"column":69},"end":{"line":3,"column":80}}]}},"s":{"0":0,"1":0,"2":0,"3":0},"f":{"0":0},"b":{"0":[0,0]}}
,"C:\\Users\\Admin\\Documents\\CURSOS\\CURSO DE SERVERLESS\\app_appointment\\src\\infrastructure\\event\\sns.publisher.ts": {"path":"C:\\Users\\Admin\\Documents\\CURSOS\\CURSO DE SERVERLESS\\app_appointment\\src\\infrastructure\\event\\sns.publisher.ts","statementMap":{"0":{"start":{"line":1,"column":0},"end":{"line":1,"column":64}},"1":{"start":{"line":4,"column":12},"end":{"line":4,"column":76}},"2":{"start":{"line":8,"column":4},"end":{"line":14,"column":8}},"3":{"start":{"line":6,"column":0},"end":{"line":6,"column":13}}},"fnMap":{"0":{"name":"(anonymous_0)","decl":{"start":{"line":7,"column":2},"end":{"line":7,"column":7}},"loc":{"start":{"line":7,"column":58},"end":{"line":15,"column":3}}}},"branchMap":{"0":{"loc":{"start":{"line":4,"column":36},"end":{"line":4,"column":73}},"type":"binary-expr","locations":[{"start":{"line":4,"column":36},"end":{"line":4,"column":58}},{"start":{"line":4,"column":62},"end":{"line":4,"column":73}}]}},"s":{"0":0,"1":0,"2":0,"3":0},"f":{"0":0},"b":{"0":[0,0]}}
,"C:\\Users\\Admin\\Documents\\CURSOS\\CURSO DE SERVERLESS\\app_appointment\\src\\infrastructure\\lambdas\\appointment\\handler.ts": {"path":"C:\\Users\\Admin\\Documents\\CURSOS\\CURSO DE SERVERLESS\\app_appointment\\src\\infrastructure\\lambdas\\appointment\\handler.ts","statementMap":{"0":{"start":{"line":2,"column":0},"end":{"line":2,"column":99}},"1":{"start":{"line":3,"column":0},"end":{"line":3,"column":57}},"2":{"start":{"line":4,"column":0},"end":{"line":4,"column":101}},"3":{"start":{"line":5,"column":0},"end":{"line":5,"column":95}},"4":{"start":{"line":6,"column":0},"end":{"line":6,"column":91}},"5":{"start":{"line":7,"column":0},"end":{"line":7,"column":71}},"6":{"start":{"line":9,"column":19},"end":{"line":9,"column":54}},"7":{"start":{"line":10,"column":18},"end":{"line":10,"column":36}},"8":{"start":{"line":12,"column":17},"end":{"line":12,"column":68}},"9":{"start":{"line":13,"column":14},"end":{"line":13,"column":51}},"10":{"start":{"line":14,"column":17},"end":{"line":14,"column":52}},"11":{"start":{"line":16,"column":59},"end":{"line":68,"column":1}},"12":{"start":{"line":17,"column":2},"end":{"line":67,"column":3}},"13":{"start":{"line":19,"column":4},"end":{"line":29,"column":5}},"14":{"start":{"line":20,"column":23},"end":{"line":20,"column":40}},"15":{"start":{"line":21,"column":6},"end":{"line":27,"column":7}},"16":{"start":{"line":22,"column":21},"end":{"line":22,"column":44}},"17":{"start":{"line":23,"column":38},"end":{"line":23,"column":55}},"18":{"start":{"line":24,"column":8},"end":{"line":26,"column":9}},"19":{"start":{"line":25,"column":10},"end":{"line":25,"column":52}},"20":{"start":{"line":28,"column":6},"end":{"line":28,"column":90}},"21":{"start":{"line":32,"column":19},"end":{"line":32,"column":53}},"22":{"start":{"line":33,"column":23},"end":{"line":33,"column":49}},"23":{"start":{"line":34,"column":17},"end":{"line":34,"column":57}},"24":{"start":{"line":36,"column":4},"end":{"line":53,"column":5}},"25":{"start":{"line":38,"column":23},"end":{"line":38,"column":51}},"26":{"start":{"line":39,"column":8},"end":{"line":39,"column":65}},"27":{"start":{"line":43,"column":30},"end":{"line":43,"column":40}},"28":{"start":{"line":44,"column":8},"end":{"line":46,"column":9}},"29":{"start":{"line":45,"column":10},"end":{"line":45,"column":99}},"30":{"start":{"line":47,"column":23},"end":{"line":47,"column":53}},"31":{"start":{"line":48,"column":8},"end":{"line":48,"column":65}},"32":{"start":{"line":52,"column":8},"end":{"line":52,"column":104}},"33":{"start":{"line":55,"column":4},"end":{"line":55,"column":56}},"34":{"start":{"line":57,"column":4},"end":{"line":59,"column":5}},"35":{"start":{"line":58,"column":6},"end":{"line":58,"column":99}},"36":{"start":{"line":62,"column":4},"end":{"line":64,"column":5}},"37":{"start":{"line":63,"column":6},"end":{"line":63,"column":92}},"38":{"start":{"line":66,"column":4},"end":{"line":66,"column":96}},"39":{"start":{"line":16,"column":13},"end":{"line":16,"column":59}}},"fnMap":{"0":{"name":"(anonymous_0)","decl":{"start":{"line":16,"column":59},"end":{"line":16,"column":64}},"loc":{"start":{"line":16,"column":80},"end":{"line":68,"column":1}}}},"branchMap":{"0":{"loc":{"start":{"line":19,"column":4},"end":{"line":29,"column":5}},"type":"if","locations":[{"start":{"line":19,"column":4},"end":{"line":29,"column":5}},{"start":{},"end":{}}]},"1":{"loc":{"start":{"line":23,"column":38},"end":{"line":23,"column":55}},"type":"binary-expr","locations":[{"start":{"line":23,"column":38},"end":{"line":23,"column":49}},{"start":{"line":23,"column":53},"end":{"line":23,"column":55}}]},"2":{"loc":{"start":{"line":24,"column":8},"end":{"line":26,"column":9}},"type":"if","locations":[{"start":{"line":24,"column":8},"end":{"line":26,"column":9}},{"start":{},"end":{}}]},"3":{"loc":{"start":{"line":24,"column":12},"end":{"line":24,"column":31}},"type":"binary-expr","locations":[{"start":{"line":24,"column":12},"end":{"line":24,"column":21}},{"start":{"line":24,"column":25},"end":{"line":24,"column":31}}]},"4":{"loc":{"start":{"line":33,"column":23},"end":{"line":33,"column":49}},"type":"binary-expr","locations":[{"start":{"line":33,"column":23},"end":{"line":33,"column":43}},{"start":{"line":33,"column":47},"end":{"line":33,"column":49}}]},"5":{"loc":{"start":{"line":34,"column":17},"end":{"line":34,"column":57}},"type":"cond-expr","locations":[{"start":{"line":34,"column":30},"end":{"line":34,"column":52}},{"start":{"line":34,"column":55},"end":{"line":34,"column":57}}]},"6":{"loc":{"start":{"line":36,"column":4},"end":{"line":53,"column":5}},"type":"switch","locations":[{"start":{"line":37,"column":6},"end":{"line":40,"column":7}},{"start":{"line":42,"column":6},"end":{"line":49,"column":7}},{"start":{"line":51,"column":6},"end":{"line":52,"column":104}}]},"7":{"loc":{"start":{"line":44,"column":8},"end":{"line":46,"column":9}},"type":"if","locations":[{"start":{"line":44,"column":8},"end":{"line":46,"column":9}},{"start":{},"end":{}}]},"8":{"loc":{"start":{"line":57,"column":4},"end":{"line":59,"column":5}},"type":"if","locations":[{"start":{"line":57,"column":4},"end":{"line":59,"column":5}},{"start":{},"end":{}}]},"9":{"loc":{"start":{"line":58,"column":27},"end":{"line":58,"column":48}},"type":"binary-expr","locations":[{"start":{"line":58,"column":27},"end":{"line":58,"column":41}},{"start":{"line":58,"column":45},"end":{"line":58,"column":48}}]},"10":{"loc":{"start":{"line":62,"column":4},"end":{"line":64,"column":5}},"type":"if","locations":[{"start":{"line":62,"column":4},"end":{"line":64,"column":5}},{"start":{},"end":{}}]},"11":{"loc":{"start":{"line":62,"column":8},"end":{"line":62,"column":61}},"type":"binary-expr","locations":[{"start":{"line":62,"column":8},"end":{"line":62,"column":23}},{"start":{"line":62,"column":27},"end":{"line":62,"column":61}}]}},"s":{"0":0,"1":0,"2":0,"3":0,"4":0,"5":0,"6":0,"7":0,"8":0,"9":0,"10":0,"11":0,"12":0,"13":0,"14":0,"15":0,"16":0,"17":0,"18":0,"19":0,"20":0,"21":0,"22":0,"23":0,"24":0,"25":0,"26":0,"27":0,"28":0,"29":0,"30":0,"31":0,"32":0,"33":0,"34":0,"35":0,"36":0,"37":0,"38":0,"39":0},"f":{"0":0},"b":{"0":[0,0],"1":[0,0],"2":[0,0],"3":[0,0],"4":[0,0],"5":[0,0],"6":[0,0,0],"7":[0,0],"8":[0,0],"9":[0,0],"10":[0,0],"11":[0,0]}}
,"C:\\Users\\Admin\\Documents\\CURSOS\\CURSO DE SERVERLESS\\app_appointment\\src\\infrastructure\\lambdas\\appointmentCL\\handler.ts": {"path":"C:\\Users\\Admin\\Documents\\CURSOS\\CURSO DE SERVERLESS\\app_appointment\\src\\infrastructure\\lambdas\\appointmentCL\\handler.ts","statementMap":{"0":{"start":{"line":2,"column":0},"end":{"line":2,"column":93}},"1":{"start":{"line":3,"column":0},"end":{"line":3,"column":73}},"2":{"start":{"line":4,"column":0},"end":{"line":4,"column":74}},"3":{"start":{"line":6,"column":29},"end":{"line":27,"column":1}},"4":{"start":{"line":7,"column":15},"end":{"line":7,"column":47}},"5":{"start":{"line":8,"column":20},"end":{"line":8,"column":46}},"6":{"start":{"line":10,"column":2},"end":{"line":10,"column":23}},"7":{"start":{"line":12,"column":2},"end":{"line":24,"column":3}},"8":{"start":{"line":13,"column":23},"end":{"line":13,"column":46}},"9":{"start":{"line":14,"column":20},"end":{"line":14,"column":50}},"10":{"start":{"line":15,"column":24},"end":{"line":15,"column":53}},"11":{"start":{"line":17,"column":4},"end":{"line":17,"column":33}},"12":{"start":{"line":18,"column":4},"end":{"line":23,"column":7}},"13":{"start":{"line":26,"column":2},"end":{"line":26,"column":21}},"14":{"start":{"line":6,"column":13},"end":{"line":6,"column":29}}},"fnMap":{"0":{"name":"(anonymous_0)","decl":{"start":{"line":6,"column":29},"end":{"line":6,"column":34}},"loc":{"start":{"line":6,"column":70},"end":{"line":27,"column":1}}}},"branchMap":{},"s":{"0":0,"1":0,"2":0,"3":0,"4":0,"5":0,"6":0,"7":0,"8":0,"9":0,"10":0,"11":0,"12":0,"13":0,"14":0},"f":{"0":0},"b":{}}
,"C:\\Users\\Admin\\Documents\\CURSOS\\CURSO DE SERVERLESS\\app_appointment\\src\\infrastructure\\lambdas\\appointmentPe\\handler.ts": {"path":"C:\\Users\\Admin\\Documents\\CURSOS\\CURSO DE SERVERLESS\\app_appointment\\src\\infrastructure\\lambdas\\appointmentPe\\handler.ts","statementMap":{"0":{"start":{"line":2,"column":0},"end":{"line":2,"column":93}},"1":{"start":{"line":3,"column":0},"end":{"line":3,"column":73}},"2":{"start":{"line":4,"column":0},"end":{"line":4,"column":74}},"3":{"start":{"line":6,"column":29},"end":{"line":27,"column":1}},"4":{"start":{"line":7,"column":15},"end":{"line":7,"column":47}},"5":{"start":{"line":8,"column":20},"end":{"line":8,"column":46}},"6":{"start":{"line":10,"column":2},"end":{"line":10,"column":23}},"7":{"start":{"line":12,"column":2},"end":{"line":24,"column":3}},"8":{"start":{"line":13,"column":23},"end":{"line":13,"column":46}},"9":{"start":{"line":14,"column":20},"end":{"line":14,"column":50}},"10":{"start":{"line":15,"column":24},"end":{"line":15,"column":53}},"11":{"start":{"line":17,"column":4},"end":{"line":17,"column":33}},"12":{"start":{"line":18,"column":4},"end":{"line":23,"column":7}},"13":{"start":{"line":26,"column":2},"end":{"line":26,"column":21}},"14":{"start":{"line":6,"column":13},"end":{"line":6,"column":29}}},"fnMap":{"0":{"name":"(anonymous_0)","decl":{"start":{"line":6,"column":29},"end":{"line":6,"column":34}},"loc":{"start":{"line":6,"column":70},"end":{"line":27,"column":1}}}},"branchMap":{},"s":{"0":0,"1":0,"2":0,"3":0,"4":0,"5":0,"6":0,"7":0,"8":0,"9":0,"10":0,"11":0,"12":0,"13":0,"14":0},"f":{"0":0},"b":{}}
,"C:\\Users\\Admin\\Documents\\CURSOS\\CURSO DE SERVERLESS\\app_appointment\\src\\infrastructure\\repositories\\dynamodb-appointment.repository.ts": {"path":"C:\\Users\\Admin\\Documents\\CURSOS\\CURSO DE SERVERLESS\\app_appointment\\src\\infrastructure\\repositories\\dynamodb-appointment.repository.ts","statementMap":{"0":{"start":{"line":3,"column":0},"end":{"line":3,"column":58}},"1":{"start":{"line":4,"column":0},"end":{"line":4,"column":102}},"2":{"start":{"line":6,"column":15},"end":{"line":6,"column":84}},"3":{"start":{"line":7,"column":15},"end":{"line":7,"column":50}},"4":{"start":{"line":10,"column":10},"end":{"line":10,"column":62}},"5":{"start":{"line":13,"column":4},"end":{"line":13,"column":88}},"6":{"start":{"line":17,"column":19},"end":{"line":17,"column":103}},"7":{"start":{"line":18,"column":4},"end":{"line":18,"column":46}},"8":{"start":{"line":22,"column":4},"end":{"line":28,"column":8}},"9":{"start":{"line":9,"column":0},"end":{"line":9,"column":13}}},"fnMap":{"0":{"name":"(anonymous_0)","decl":{"start":{"line":9,"column":0},"end":{"line":9,"column":13}},"loc":{"start":{"line":9,"column":0},"end":{"line":30,"column":1}}},"1":{"name":"(anonymous_1)","decl":{"start":{"line":12,"column":2},"end":{"line":12,"column":7}},"loc":{"start":{"line":12,"column":37},"end":{"line":14,"column":3}}},"2":{"name":"(anonymous_2)","decl":{"start":{"line":16,"column":2},"end":{"line":16,"column":7}},"loc":{"start":{"line":16,"column":34},"end":{"line":19,"column":3}}},"3":{"name":"(anonymous_3)","decl":{"start":{"line":21,"column":2},"end":{"line":21,"column":7}},"loc":{"start":{"line":21,"column":54},"end":{"line":29,"column":3}}}},"branchMap":{"0":{"loc":{"start":{"line":6,"column":44},"end":{"line":6,"column":81}},"type":"binary-expr","locations":[{"start":{"line":6,"column":44},"end":{"line":6,"column":66}},{"start":{"line":6,"column":70},"end":{"line":6,"column":81}}]},"1":{"loc":{"start":{"line":10,"column":22},"end":{"line":10,"column":61}},"type":"binary-expr","locations":[{"start":{"line":10,"column":22},"end":{"line":10,"column":44}},{"start":{"line":10,"column":48},"end":{"line":10,"column":61}}]},"2":{"loc":{"start":{"line":18,"column":11},"end":{"line":18,"column":45}},"type":"binary-expr","locations":[{"start":{"line":18,"column":11},"end":{"line":18,"column":37}},{"start":{"line":18,"column":41},"end":{"line":18,"column":45}}]}},"s":{"0":0,"1":0,"2":0,"3":0,"4":0,"5":0,"6":0,"7":0,"8":0,"9":0},"f":{"0":0,"1":0,"2":0,"3":0},"b":{"0":[0,0],"1":[0,0],"2":[0,0]}}
,"C:\\Users\\Admin\\Documents\\CURSOS\\CURSO DE SERVERLESS\\app_appointment\\src\\infrastructure\\repositories\\mysql-appointment.repository.ts": {"path":"C:\\Users\\Admin\\Documents\\CURSOS\\CURSO DE SERVERLESS\\app_appointment\\src\\infrastructure\\repositories\\mysql-appointment.repository.ts","statementMap":{"0":{"start":{"line":1,"column":0},"end":{"line":1,"column":35}},"1":{"start":{"line":5,"column":10},"end":{"line":5,"column":53}},"2":{"start":{"line":8,"column":4},"end":{"line":13,"column":7}},"3":{"start":{"line":17,"column":4},"end":{"line":17,"column":68}},"4":{"start":{"line":17,"column":26},"end":{"line":17,"column":68}},"5":{"start":{"line":19,"column":4},"end":{"line":31,"column":6}},"6":{"start":{"line":35,"column":4},"end":{"line":35,"column":53}},"7":{"start":{"line":35,"column":25},"end":{"line":35,"column":53}},"8":{"start":{"line":4,"column":0},"end":{"line":4,"column":13}}},"fnMap":{"0":{"name":"(anonymous_1)","decl":{"start":{"line":4,"column":0},"end":{"line":4,"column":13}},"loc":{"start":{"line":4,"column":0},"end":{"line":37,"column":1}}},"1":{"name":"(anonymous_2)","decl":{"start":{"line":7,"column":2},"end":{"line":7,"column":7}},"loc":{"start":{"line":7,"column":15},"end":{"line":14,"column":3}}},"2":{"name":"(anonymous_3)","decl":{"start":{"line":16,"column":2},"end":{"line":16,"column":7}},"loc":{"start":{"line":16,"column":37},"end":{"line":32,"column":3}}},"3":{"name":"(anonymous_4)","decl":{"start":{"line":34,"column":2},"end":{"line":34,"column":7}},"loc":{"start":{"line":34,"column":13},"end":{"line":36,"column":3}}}},"branchMap":{"0":{"loc":{"start":{"line":17,"column":4},"end":{"line":17,"column":68}},"type":"if","locations":[{"start":{"line":17,"column":4},"end":{"line":17,"column":68}},{"start":{},"end":{}}]},"1":{"loc":{"start":{"line":28,"column":8},"end":{"line":28,"column":66}},"type":"cond-expr","locations":[{"start":{"line":28,"column":27},"end":{"line":28,"column":53}},{"start":{"line":28,"column":56},"end":{"line":28,"column":66}}]},"2":{"loc":{"start":{"line":35,"column":4},"end":{"line":35,"column":53}},"type":"if","locations":[{"start":{"line":35,"column":4},"end":{"line":35,"column":53}},{"start":{},"end":{}}]}},"s":{"0":0,"1":0,"2":0,"3":0,"4":0,"5":0,"6":0,"7":0,"8":0},"f":{"0":0,"1":0,"2":0,"3":0},"b":{"0":[0,0],"1":[0,0],"2":[0,0]}}
,"C:\\Users\\Admin\\Documents\\CURSOS\\CURSO DE SERVERLESS\\app_appointment\\src\\shared\\errors\\app-error.ts": {"path":"C:\\Users\\Admin\\Documents\\CURSOS\\CURSO DE SERVERLESS\\app_appointment\\src\\shared\\errors\\app-error.ts","statementMap":{"0":{"start":{"line":6,"column":4},"end":{"line":6,"column":19}},"1":{"start":{"line":7,"column":4},"end":{"line":7,"column":38}},"2":{"start":{"line":8,"column":4},"end":{"line":8,"column":33}},"3":{"start":{"line":9,"column":4},"end":{"line":9,"column":39}},"4":{"start":{"line":10,"column":4},"end":{"line":10,"column":54}},"5":{"start":{"line":1,"column":0},"end":{"line":1,"column":13}}},"fnMap":{"0":{"name":"(anonymous_0)","decl":{"start":{"line":5,"column":2},"end":{"line":5,"column":14}},"loc":{"start":{"line":5,"column":69},"end":{"line":11,"column":3}}}},"branchMap":{"0":{"loc":{"start":{"line":5,"column":31},"end":{"line":5,"column":47}},"type":"default-arg","locations":[{"start":{"line":5,"column":44},"end":{"line":5,"column":47}}]},"1":{"loc":{"start":{"line":5,"column":49},"end":{"line":5,"column":69}},"type":"default-arg","locations":[{"start":{"line":5,"column":65},"end":{"line":5,"column":69}}]}},"s":{"0":1,"1":1,"2":1,"3":1,"4":1,"5":2},"f":{"0":1},"b":{"0":[0],"1":[0]}}
,"C:\\Users\\Admin\\Documents\\CURSOS\\CURSO DE SERVERLESS\\app_appointment\\src\\shared\\errors\\not-found.error.ts": {"path":"C:\\Users\\Admin\\Documents\\CURSOS\\CURSO DE SERVERLESS\\app_appointment\\src\\shared\\errors\\not-found.error.ts","statementMap":{"0":{"start":{"line":1,"column":0},"end":{"line":1,"column":39}},"1":{"start":{"line":5,"column":4},"end":{"line":5,"column":30}},"2":{"start":{"line":3,"column":0},"end":{"line":3,"column":13}}},"fnMap":{"0":{"name":"(anonymous_0)","decl":{"start":{"line":4,"column":2},"end":{"line":4,"column":14}},"loc":{"start":{"line":4,"column":47},"end":{"line":6,"column":3}}}},"branchMap":{"0":{"loc":{"start":{"line":4,"column":14},"end":{"line":4,"column":47}},"type":"default-arg","locations":[{"start":{"line":4,"column":24},"end":{"line":4,"column":47}}]}},"s":{"0":2,"1":1,"2":2},"f":{"0":1},"b":{"0":[0]}}
}
