TN:
SF:src\application\use-cases\create-appointment.usecase.ts
FN:6,(anonymous_0)
FN:11,(anonymous_1)
FNF:2
FNH:2
FNDA:2,(anonymous_0)
FNDA:2,(anonymous_1)
DA:1,2
DA:5,2
DA:7,2
DA:8,2
DA:12,2
DA:13,2
DA:14,2
DA:15,2
LF:8
LH:8
BRF:0
BRH:0
end_of_record
TN:
SF:src\application\use-cases\get-appointment.usecase.ts
FN:5,(anonymous_0)
FN:7,(anonymous_1)
FNF:2
FNH:2
FNDA:2,(anonymous_0)
FNDA:4,(anonymous_1)
DA:2,2
DA:4,2
DA:5,2
DA:8,4
DA:9,4
DA:10,1
LF:6
LH:6
BRDA:9,0,0,3
BRDA:9,0,1,1
BRF:2
BRH:2
end_of_record
TN:
SF:src\application\use-cases\update-status.usecase.ts
FN:6,(anonymous_0)
FN:8,(anonymous_1)
FNF:2
FNH:2
FNDA:2,(anonymous_0)
FNDA:3,(anonymous_1)
DA:2,2
DA:5,2
DA:6,2
DA:10,3
DA:12,3
DA:13,2
DA:17,1
DA:20,1
DA:23,1
LF:9
LH:9
BRDA:12,0,0,2
BRDA:12,0,1,1
BRF:2
BRH:2
end_of_record
TN:
SF:src\domain\entities\appointment.entity.ts
FN:2,(anonymous_0)
FN:13,(anonymous_1)
FNF:2
FNH:2
FNDA:13,(anonymous_0)
FNDA:4,(anonymous_1)
DA:1,10
DA:3,13
DA:4,13
DA:5,13
DA:6,13
DA:7,13
DA:8,13
DA:9,13
DA:10,13
DA:14,4
LF:10
LH:10
BRF:0
BRH:0
end_of_record
TN:
SF:src\infrastructure\event\eventbridge.publisher.ts
FN:6,(anonymous_0)
FNF:1
FNH:1
FNDA:2,(anonymous_0)
DA:1,3
DA:3,3
DA:5,3
DA:7,2
LF:4
LH:4
BRDA:3,0,0,3
BRDA:3,0,1,3
BRF:2
BRH:2
end_of_record
TN:
SF:src\infrastructure\event\sns.publisher.ts
FN:7,(anonymous_0)
FNF:1
FNH:1
FNDA:2,(anonymous_0)
DA:1,2
DA:4,2
DA:6,2
DA:8,2
LF:4
LH:4
BRDA:4,0,0,2
BRDA:4,0,1,2
BRF:2
BRH:2
end_of_record
TN:
SF:src\infrastructure\lambdas\appointment\handler.ts
FN:16,(anonymous_0)
FNF:1
FNH:1
FNDA:5,(anonymous_0)
DA:2,1
DA:3,1
DA:4,1
DA:5,1
DA:6,1
DA:7,1
DA:9,1
DA:10,1
DA:12,1
DA:13,1
DA:14,1
DA:16,1
DA:17,5
DA:19,5
DA:20,2
DA:21,2
DA:22,2
DA:23,2
DA:24,2
DA:25,1
DA:28,1
DA:32,3
DA:33,3
DA:34,3
DA:36,3
DA:38,1
DA:39,1
DA:43,2
DA:44,2
DA:45,0
DA:47,2
DA:48,0
DA:52,0
DA:55,3
DA:57,3
DA:58,3
DA:62,0
DA:63,0
DA:66,0
LF:39
LH:33
BRDA:19,0,0,2
BRDA:19,0,1,3
BRDA:23,1,0,2
BRDA:23,1,1,1
BRDA:24,2,0,1
BRDA:24,2,1,1
BRDA:24,3,0,2
BRDA:24,3,1,1
BRDA:33,4,0,3
BRDA:33,4,1,1
BRDA:34,5,0,1
BRDA:34,5,1,2
BRDA:36,6,0,1
BRDA:36,6,1,2
BRDA:36,6,2,0
BRDA:44,7,0,0
BRDA:44,7,1,2
BRDA:57,8,0,3
BRDA:57,8,1,0
BRDA:58,9,0,3
BRDA:58,9,1,0
BRDA:62,10,0,0
BRDA:62,10,1,0
BRDA:62,11,0,0
BRDA:62,11,1,0
BRF:25
BRH:17
end_of_record
TN:
SF:src\infrastructure\lambdas\appointmentCL\handler.ts
FN:6,(anonymous_0)
FNF:1
FNH:1
FNDA:1,(anonymous_0)
DA:2,1
DA:3,1
DA:4,1
DA:6,1
DA:7,1
DA:8,1
DA:10,1
DA:12,1
DA:13,1
DA:14,1
DA:15,1
DA:17,1
DA:18,1
DA:26,1
LF:14
LH:14
BRF:0
BRH:0
end_of_record
TN:
SF:src\infrastructure\lambdas\appointmentPe\handler.ts
FN:6,(anonymous_0)
FNF:1
FNH:1
FNDA:1,(anonymous_0)
DA:2,1
DA:3,1
DA:4,1
DA:6,1
DA:7,1
DA:8,1
DA:10,1
DA:12,1
DA:13,1
DA:14,1
DA:15,1
DA:17,1
DA:18,1
DA:26,1
LF:14
LH:14
BRF:0
BRH:0
end_of_record
TN:
SF:src\infrastructure\repositories\dynamodb-appointment.repository.ts
FN:17,(anonymous_0)
FN:21,(anonymous_1)
FN:25,(anonymous_2)
FN:30,(anonymous_3)
FNF:4
FNH:4
FNDA:4,(anonymous_0)
FNDA:1,(anonymous_1)
FNDA:2,(anonymous_2)
FNDA:1,(anonymous_3)
DA:3,2
DA:4,2
DA:11,2
DA:12,2
DA:14,2
DA:18,4
DA:22,1
DA:26,2
DA:27,2
DA:31,1
LF:10
LH:10
BRDA:11,0,0,2
BRDA:11,0,1,2
BRDA:18,1,0,4
BRDA:18,1,1,0
BRDA:18,1,2,0
BRDA:27,2,0,2
BRDA:27,2,1,1
BRF:7
BRH:5
end_of_record
TN:
SF:src\infrastructure\repositories\mysql-appointment.repository.ts
FN:7,(anonymous_1)
FN:9,(anonymous_2)
FN:21,(anonymous_3)
FN:43,(anonymous_4)
FNF:4
FNH:4
FNDA:4,(anonymous_1)
FNDA:3,(anonymous_2)
FNDA:2,(anonymous_3)
FNDA:1,(anonymous_4)
DA:1,3
DA:4,3
DA:5,4
DA:7,4
DA:10,3
DA:12,3
DA:22,2
DA:24,1
DA:30,1
DA:40,1
DA:44,1
DA:45,1
DA:46,1
LF:13
LH:13
BRDA:10,0,0,0
BRDA:10,0,1,3
BRDA:22,1,0,1
BRDA:22,1,1,1
BRDA:32,2,0,1
BRDA:32,2,1,1
BRDA:33,3,0,1
BRDA:33,3,1,1
BRDA:34,4,0,1
BRDA:34,4,1,1
BRDA:35,5,0,1
BRDA:35,5,1,1
BRDA:36,6,0,0
BRDA:36,6,1,1
BRDA:44,7,0,1
BRDA:44,7,1,0
BRF:16
BRH:13
end_of_record
TN:
SF:src\shared\errors\app-error.ts
FN:5,(anonymous_0)
FNF:1
FNH:1
FNDA:5,(anonymous_0)
DA:1,3
DA:6,5
DA:7,5
DA:8,5
DA:9,5
DA:10,5
LF:6
LH:6
BRDA:5,0,0,0
BRDA:5,1,0,0
BRF:2
BRH:0
end_of_record
TN:
SF:src\shared\errors\not-found.error.ts
FN:4,(anonymous_0)
FNF:1
FNH:1
FNDA:5,(anonymous_0)
DA:1,3
DA:3,3
DA:5,5
LF:3
LH:3
BRDA:4,0,0,0
BRF:1
BRH:0
end_of_record
